# JRE version: OpenJDK Runtime Environment (11.0.10) (build 11.0.10+0-b96-7249189)
# Java VM: OpenJDK 64-Bit Server VM (11.0.10+0-b96-7249189, mixed mode, tiered, compressed oops, g1 gc, windows-amd64)
Heap:
 garbage-first heap   total 155648K, used 58863K [0x00000000a0000000, 0x0000000100000000)
  region size 1024K, 2 young (2048K), 2 survivors (2048K)
 Metaspace       used 65080K, capacity 66813K, committed 66944K, reserved 1107968K
  class space    used 8221K, capacity 8822K, committed 8832K, reserved 1048576K
GC Heap History (20 events):
Event: 4.166 GC heap before
{Heap before GC invocations=4 (full 0):
 garbage-first heap   total 129024K, used 25258K [0x00000000a0000000, 0x0000000100000000)
  region size 1024K, 13 young (13312K), 3 survivors (3072K)
 Metaspace       used 20611K, capacity 21061K, committed 21248K, reserved 1067008K
  class space    used 2528K, capacity 2691K, committed 2816K, reserved 1048576K
}
Event: 4.172 GC heap after
{Heap after GC invocations=5 (full 0):
 garbage-first heap   total 129024K, used 16422K [0x00000000a0000000, 0x0000000100000000)
  region size 1024K, 4 young (4096K), 4 survivors (4096K)
 Metaspace       used 20611K, capacity 21061K, committed 21248K, reserved 1067008K
  class space    used 2528K, capacity 2691K, committed 2816K, reserved 1048576K
}
Event: 5.190 GC heap before
{Heap before GC invocations=6 (full 0):
 garbage-first heap   total 129024K, used 64550K [0x00000000a0000000, 0x0000000100000000)
  region size 1024K, 51 young (52224K), 4 survivors (4096K)
 Metaspace       used 25863K, capacity 26462K, committed 26624K, reserved 1073152K
  class space    used 3368K, capacity 3579K, committed 3584K, reserved 1048576K
}
Event: 5.197 GC heap after
{Heap after GC invocations=7 (full 0):
 garbage-first heap   total 129024K, used 18227K [0x00000000a0000000, 0x0000000100000000)
  region size 1024K, 5 young (5120K), 5 survivors (5120K)
 Metaspace       used 25863K, capacity 26462K, committed 26624K, reserved 1073152K
  class space    used 3368K, capacity 3579K, committed 3584K, reserved 1048576K
}
Event: 6.263 GC heap before
{Heap before GC invocations=7 (full 0):
 garbage-first heap   total 129024K, used 73523K [0x00000000a0000000, 0x0000000100000000)
  region size 1024K, 58 young (59392K), 5 survivors (5120K)
 Metaspace       used 35092K, capacity 35731K, committed 35840K, reserved 1081344K
  class space    used 4514K, capacity 4775K, committed 4864K, reserved 1048576K
}
Event: 6.276 GC heap after
{Heap after GC invocations=8 (full 0):
 garbage-first heap   total 129024K, used 23955K [0x00000000a0000000, 0x0000000100000000)
  region size 1024K, 6 young (6144K), 6 survivors (6144K)
 Metaspace       used 35092K, capacity 35731K, committed 35840K, reserved 1081344K
  class space    used 4514K, capacity 4775K, committed 4864K, reserved 1048576K
}
Event: 7.239 GC heap before
{Heap before GC invocations=9 (full 0):
 garbage-first heap   total 129024K, used 80275K [0x00000000a0000000, 0x0000000100000000)
  region size 1024K, 61 young (62464K), 6 survivors (6144K)
 Metaspace       used 40245K, capacity 41071K, committed 41344K, reserved 1085440K
  class space    used 5117K, capacity 5419K, committed 5504K, reserved 1048576K
}
Event: 7.258 GC heap after
{Heap after GC invocations=10 (full 0):
 garbage-first heap   total 129024K, used 26274K [0x00000000a0000000, 0x0000000100000000)
  region size 1024K, 8 young (8192K), 8 survivors (8192K)
 Metaspace       used 40245K, capacity 41071K, committed 41344K, reserved 1085440K
  class space    used 5117K, capacity 5419K, committed 5504K, reserved 1048576K
}
Event: 8.409 GC heap before
{Heap before GC invocations=11 (full 0):
 garbage-first heap   total 129024K, used 83618K [0x00000000a0000000, 0x0000000100000000)
  region size 1024K, 64 young (65536K), 8 survivors (8192K)
 Metaspace       used 44178K, capacity 45144K, committed 45184K, reserved 1089536K
  class space    used 5654K, capacity 6011K, committed 6016K, reserved 1048576K
}
Event: 8.422 GC heap after
{Heap after GC invocations=12 (full 0):
 garbage-first heap   total 129024K, used 28197K [0x00000000a0000000, 0x0000000100000000)
  region size 1024K, 7 young (7168K), 7 survivors (7168K)
 Metaspace       used 44178K, capacity 45144K, committed 45184K, reserved 1089536K
  class space    used 5654K, capacity 6011K, committed 6016K, reserved 1048576K
}
Event: 9.545 GC heap before
{Heap before GC invocations=12 (full 0):
 garbage-first heap   total 129024K, used 93733K [0x00000000a0000000, 0x0000000100000000)
  region size 1024K, 65 young (66560K), 7 survivors (7168K)
 Metaspace       used 50233K, capacity 51409K, committed 51712K, reserved 1093632K
  class space    used 6383K, capacity 6796K, committed 6912K, reserved 1048576K
}
Event: 9.558 GC heap after
{Heap after GC invocations=13 (full 0):
 garbage-first heap   total 155648K, used 43322K [0x00000000a0000000, 0x0000000100000000)
  region size 1024K, 9 young (9216K), 9 survivors (9216K)
 Metaspace       used 50233K, capacity 51409K, committed 51712K, reserved 1093632K
  class space    used 6383K, capacity 6796K, committed 6912K, reserved 1048576K
}
Event: 10.961 GC heap before
{Heap before GC invocations=13 (full 0):
 garbage-first heap   total 155648K, used 106810K [0x00000000a0000000, 0x0000000100000000)
  region size 1024K, 71 young (72704K), 9 survivors (9216K)
 Metaspace       used 56544K, capacity 57865K, committed 58112K, reserved 1099776K
  class space    used 7165K, capacity 7634K, committed 7680K, reserved 1048576K
}
Event: 10.974 GC heap after
{Heap after GC invocations=14 (full 0):
 garbage-first heap   total 155648K, used 48700K [0x00000000a0000000, 0x0000000100000000)
  region size 1024K, 6 young (6144K), 6 survivors (6144K)
 Metaspace       used 56544K, capacity 57865K, committed 58112K, reserved 1099776K
  class space    used 7165K, capacity 7634K, committed 7680K, reserved 1048576K
}
Event: 12.495 GC heap before
{Heap before GC invocations=14 (full 0):
 garbage-first heap   total 155648K, used 112188K [0x00000000a0000000, 0x0000000100000000)
  region size 1024K, 68 young (69632K), 6 survivors (6144K)
 Metaspace       used 62235K, capacity 63679K, committed 64000K, reserved 1105920K
  class space    used 7834K, capacity 8351K, committed 8448K, reserved 1048576K
}
Event: 12.512 GC heap after
{Heap after GC invocations=15 (full 0):
 garbage-first heap   total 155648K, used 51921K [0x00000000a0000000, 0x0000000100000000)
  region size 1024K, 5 young (5120K), 5 survivors (5120K)
 Metaspace       used 62235K, capacity 63679K, committed 64000K, reserved 1105920K
  class space    used 7834K, capacity 8351K, committed 8448K, reserved 1048576K
}
Event: 13.289 GC heap before
{Heap before GC invocations=15 (full 0):
 garbage-first heap   total 155648K, used 115409K [0x00000000a0000000, 0x0000000100000000)
  region size 1024K, 67 young (68608K), 5 survivors (5120K)
 Metaspace       used 63867K, capacity 65597K, committed 65792K, reserved 1105920K
  class space    used 8057K, capacity 8674K, committed 8704K, reserved 1048576K
}
Event: 13.300 GC heap after
{Heap after GC invocations=16 (full 0):
 garbage-first heap   total 155648K, used 57344K [0x00000000a0000000, 0x0000000100000000)
  region size 1024K, 9 young (9216K), 9 survivors (9216K)
 Metaspace       used 63867K, capacity 65597K, committed 65792K, reserved 1105920K
  class space    used 8057K, capacity 8674K, committed 8704K, reserved 1048576K
}
Event: 13.506 GC heap before
{Heap before GC invocations=16 (full 0):
 garbage-first heap   total 155648K, used 67584K [0x00000000a0000000, 0x0000000100000000)
  region size 1024K, 20 young (20480K), 9 survivors (9216K)
 Metaspace       used 65080K, capacity 66813K, committed 66944K, reserved 1107968K
  class space    used 8221K, capacity 8822K, committed 8832K, reserved 1048576K
}
Event: 13.519 GC heap after
{Heap after GC invocations=17 (full 0):
 garbage-first heap   total 155648K, used 58863K [0x00000000a0000000, 0x0000000100000000)
  region size 1024K, 2 young (2048K), 2 survivors (2048K)
 Metaspace       used 65080K, capacity 66813K, committed 66944K, reserved 1107968K
  class space    used 8221K, capacity 8822K, committed 8832K, reserved 1048576K
}

