# JRE version: OpenJDK Runtime Environment (11.0.10) (build 11.0.10+0-b96-7249189)
# Java VM: OpenJDK 64-Bit Server VM (11.0.10+0-b96-7249189, mixed mode, tiered, compressed oops, g1 gc, windows-amd64)
Heap:
 garbage-first heap   total 236544K, used 117462K [0x00000000a0000000, 0x0000000100000000)
  region size 1024K, 36 young (36864K), 4 survivors (4096K)
 Metaspace       used 93633K, capacity 96203K, committed 96300K, reserved 1132544K
  class space    used 11928K, capacity 12864K, committed 12928K, reserved 1048576K
GC Heap History (20 events):
Event: 29.696 GC heap before
{Heap before GC invocations=19 (full 0):
 garbage-first heap   total 187392K, used 141065K [0x00000000a0000000, 0x0000000100000000)
  region size 1024K, 76 young (77824K), 5 survivors (5120K)
 Metaspace       used 79739K, capacity 82022K, committed 82220K, reserved 1120256K
  class space    used 10519K, capacity 11368K, committed 11392K, reserved 1048576K
}
Event: 29.710 GC heap after
{Heap after GC invocations=20 (full 0):
 garbage-first heap   total 187392K, used 74001K [0x00000000a0000000, 0x0000000100000000)
  region size 1024K, 10 young (10240K), 10 survivors (10240K)
 Metaspace       used 79739K, capacity 82022K, committed 82220K, reserved 1120256K
  class space    used 10519K, capacity 11368K, committed 11392K, reserved 1048576K
}
Event: 31.050 GC heap before
{Heap before GC invocations=20 (full 0):
 garbage-first heap   total 187392K, used 144657K [0x00000000a0000000, 0x0000000100000000)
  region size 1024K, 80 young (81920K), 10 survivors (10240K)
 Metaspace       used 84103K, capacity 86371K, committed 86572K, reserved 1124352K
  class space    used 11048K, capacity 11901K, committed 11904K, reserved 1048576K
}
Event: 31.067 GC heap after
{Heap after GC invocations=21 (full 0):
 garbage-first heap   total 187392K, used 77650K [0x00000000a0000000, 0x0000000100000000)
  region size 1024K, 9 young (9216K), 9 survivors (9216K)
 Metaspace       used 84103K, capacity 86371K, committed 86572K, reserved 1124352K
  class space    used 11048K, capacity 11901K, committed 11904K, reserved 1048576K
}
Event: 31.406 GC heap before
{Heap before GC invocations=21 (full 0):
 garbage-first heap   total 187392K, used 98130K [0x00000000a0000000, 0x0000000100000000)
  region size 1024K, 30 young (30720K), 9 survivors (9216K)
 Metaspace       used 85545K, capacity 87824K, committed 88108K, reserved 1126400K
  class space    used 11241K, capacity 12125K, committed 12160K, reserved 1048576K
}
Event: 31.421 GC heap after
{Heap after GC invocations=22 (full 0):
 garbage-first heap   total 187392K, used 80456K [0x00000000a0000000, 0x0000000100000000)
  region size 1024K, 7 young (7168K), 7 survivors (7168K)
 Metaspace       used 85545K, capacity 87824K, committed 88108K, reserved 1126400K
  class space    used 11241K, capacity 12125K, committed 12160K, reserved 1048576K
}
Event: 33.291 GC heap before
{Heap before GC invocations=23 (full 0):
 garbage-first heap   total 227328K, used 224840K [0x00000000a0000000, 0x0000000100000000)
  region size 1024K, 59 young (60416K), 7 survivors (7168K)
 Metaspace       used 87284K, capacity 89586K, committed 89900K, reserved 1126400K
  class space    used 11423K, capacity 12324K, committed 12416K, reserved 1048576K
}
Event: 33.310 GC heap after
{Heap after GC invocations=24 (full 0):
 garbage-first heap   total 236544K, used 83968K [0x00000000a0000000, 0x0000000100000000)
  region size 1024K, 6 young (6144K), 6 survivors (6144K)
 Metaspace       used 87284K, capacity 89586K, committed 89900K, reserved 1126400K
  class space    used 11423K, capacity 12324K, committed 12416K, reserved 1048576K
}
Event: 33.707 GC heap before
{Heap before GC invocations=24 (full 0):
 garbage-first heap   total 236544K, used 119808K [0x00000000a0000000, 0x0000000100000000)
  region size 1024K, 16 young (16384K), 6 survivors (6144K)
 Metaspace       used 87898K, capacity 90221K, committed 90412K, reserved 1128448K
  class space    used 11517K, capacity 12410K, committed 12416K, reserved 1048576K
}
Event: 33.716 GC heap after
{Heap after GC invocations=25 (full 0):
 garbage-first heap   total 236544K, used 110885K [0x00000000a0000000, 0x0000000100000000)
  region size 1024K, 7 young (7168K), 7 survivors (7168K)
 Metaspace       used 87898K, capacity 90221K, committed 90412K, reserved 1128448K
  class space    used 11517K, capacity 12410K, committed 12416K, reserved 1048576K
}
Event: 34.110 GC heap before
{Heap before GC invocations=26 (full 0):
 garbage-first heap   total 236544K, used 189733K [0x00000000a0000000, 0x0000000100000000)
  region size 1024K, 8 young (8192K), 7 survivors (7168K)
 Metaspace       used 87872K, capacity 90178K, committed 90412K, reserved 1128448K
  class space    used 11509K, capacity 12396K, committed 12416K, reserved 1048576K
}
Event: 34.120 GC heap after
{Heap after GC invocations=27 (full 0):
 garbage-first heap   total 236544K, used 84153K [0x00000000a0000000, 0x0000000100000000)
  region size 1024K, 4 young (4096K), 4 survivors (4096K)
 Metaspace       used 87872K, capacity 90178K, committed 90412K, reserved 1128448K
  class space    used 11509K, capacity 12396K, committed 12416K, reserved 1048576K
}
Event: 34.405 GC heap before
{Heap before GC invocations=28 (full 0):
 garbage-first heap   total 236544K, used 157881K [0x00000000a0000000, 0x0000000100000000)
  region size 1024K, 10 young (10240K), 4 survivors (4096K)
 Metaspace       used 88322K, capacity 90654K, committed 90796K, reserved 1128448K
  class space    used 11566K, capacity 12468K, committed 12544K, reserved 1048576K
}
Event: 34.412 GC heap after
{Heap after GC invocations=29 (full 0):
 garbage-first heap   total 236544K, used 90511K [0x00000000a0000000, 0x0000000100000000)
  region size 1024K, 5 young (5120K), 5 survivors (5120K)
 Metaspace       used 88322K, capacity 90654K, committed 90796K, reserved 1128448K
  class space    used 11566K, capacity 12468K, committed 12544K, reserved 1048576K
}
Event: 2414.189 GC heap before
{Heap before GC invocations=30 (full 0):
 garbage-first heap   total 236544K, used 225679K [0x00000000a0000000, 0x0000000100000000)
  region size 1024K, 63 young (64512K), 5 survivors (5120K)
 Metaspace       used 92013K, capacity 94389K, committed 94636K, reserved 1130496K
  class space    used 11845K, capacity 12729K, committed 12800K, reserved 1048576K
}
Event: 2414.203 GC heap after
{Heap after GC invocations=31 (full 0):
 garbage-first heap   total 236544K, used 85177K [0x00000000a0000000, 0x0000000100000000)
  region size 1024K, 5 young (5120K), 5 survivors (5120K)
 Metaspace       used 92013K, capacity 94389K, committed 94636K, reserved 1130496K
  class space    used 11845K, capacity 12729K, committed 12800K, reserved 1048576K
}
Event: 3274.977 GC heap before
{Heap before GC invocations=31 (full 0):
 garbage-first heap   total 236544K, used 154809K [0x00000000a0000000, 0x0000000100000000)
  region size 1024K, 73 young (74752K), 5 survivors (5120K)
 Metaspace       used 92388K, capacity 94772K, committed 94892K, reserved 1132544K
  class space    used 11849K, capacity 12737K, committed 12800K, reserved 1048576K
}
Event: 3274.987 GC heap after
{Heap after GC invocations=32 (full 0):
 garbage-first heap   total 236544K, used 86082K [0x00000000a0000000, 0x0000000100000000)
  region size 1024K, 6 young (6144K), 6 survivors (6144K)
 Metaspace       used 92388K, capacity 94772K, committed 94892K, reserved 1132544K
  class space    used 11849K, capacity 12737K, committed 12800K, reserved 1048576K
}
Event: 3549.191 GC heap before
{Heap before GC invocations=32 (full 0):
 garbage-first heap   total 236544K, used 159810K [0x00000000a0000000, 0x0000000100000000)
  region size 1024K, 79 young (80896K), 6 survivors (6144K)
 Metaspace       used 93355K, capacity 95877K, committed 96044K, reserved 1132544K
  class space    used 11920K, capacity 12850K, committed 12928K, reserved 1048576K
}
Event: 3549.208 GC heap after
{Heap after GC invocations=33 (full 0):
 garbage-first heap   total 236544K, used 86742K [0x00000000a0000000, 0x0000000100000000)
  region size 1024K, 4 young (4096K), 4 survivors (4096K)
 Metaspace       used 93355K, capacity 95877K, committed 96044K, reserved 1132544K
  class space    used 11920K, capacity 12850K, committed 12928K, reserved 1048576K
}

